0 info it worked if it ends with ok
1 verbose cli [ 'node', '/usr/local/bin/npm', 'publish' ]
2 info using npm@2.12.1
3 info using node@v0.12.7
4 verbose node symlink /usr/local/bin/node
5 verbose publish [ '.' ]
6 silly cache add args [ '.', null ]
7 verbose cache add spec .
8 silly cache add parsed spec { raw: '.',
8 silly cache add   scope: null,
8 silly cache add   name: null,
8 silly cache add   rawSpec: '.',
8 silly cache add   spec: '/Users/jz/dev/yasg',
8 silly cache add   type: 'directory' }
9 verbose addLocalDirectory /Users/jz/.npm/Y.A.S.G/0.0.1/package.tgz not in flight; packing
10 verbose tar pack [ '/Users/jz/.npm/Y.A.S.G/0.0.1/package.tgz',
10 verbose tar pack   '/Users/jz/dev/yasg' ]
11 verbose tarball /Users/jz/.npm/Y.A.S.G/0.0.1/package.tgz
12 verbose folder /Users/jz/dev/yasg
13 info prepublish Y.A.S.G@0.0.1
14 verbose addLocalTarball adding from inside cache /Users/jz/.npm/Y.A.S.G/0.0.1/package.tgz
15 silly cache afterAdd Y.A.S.G@0.0.1
16 verbose afterAdd /Users/jz/.npm/Y.A.S.G/0.0.1/package/package.json not in flight; writing
17 verbose afterAdd /Users/jz/.npm/Y.A.S.G/0.0.1/package/package.json written
18 silly publish { name: 'Y.A.S.G',
18 silly publish   version: '0.0.1',
18 silly publish   description: 'Yet another static site generator.',
18 silly publish   author: { name: 'Julius Zeidler', email: 'jz@chaos.li' },
18 silly publish   bugs: { url: 'https://github.com/zeidlos/yasg/issues' },
18 silly publish   repository: { type: 'git', url: 'git+https://github.com/zeidlos/yasg.git' },
18 silly publish   devDependencies:
18 silly publish    { assemble: '^0.4.42',
18 silly publish      browserify: '^11.2.0',
18 silly publish      'gulp-assemble': '^0.3.2',
18 silly publish      'gulp-extname': '^0.2.0',
18 silly publish      'gulp-htmlmin': '^1.2.0' },
18 silly publish   licence: 'MIT',
18 silly publish   readme: 'ERROR: No README data found!',
18 silly publish   homepage: 'https://github.com/zeidlos/yasg#readme',
18 silly publish   _id: 'Y.A.S.G@0.0.1',
18 silly publish   scripts: {},
18 silly publish   _shasum: 'dd572a773f6975149c468d638844efa4f6cb0ff2',
18 silly publish   _from: '.' }
19 verbose getPublishConfig undefined
20 silly mapToRegistry name Y.A.S.G
21 silly mapToRegistry using default registry
22 silly mapToRegistry registry https://registry.npmjs.org/
23 silly mapToRegistry uri https://registry.npmjs.org/Y.A.S.G
24 verbose publish registryBase https://registry.npmjs.org/
25 silly publish uploading /Users/jz/.npm/Y.A.S.G/0.0.1/package.tgz
26 verbose stack Error: auth required for publishing
26 verbose stack     at CachingRegistryClient.publish (/usr/local/lib/node_modules/npm/node_modules/npm-registry-client/lib/publish.js:30:14)
26 verbose stack     at /usr/local/lib/node_modules/npm/lib/publish.js:134:14
26 verbose stack     at mapToRegistry (/usr/local/lib/node_modules/npm/lib/utils/map-to-registry.js:55:3)
26 verbose stack     at publish_ (/usr/local/lib/node_modules/npm/lib/publish.js:104:3)
26 verbose stack     at Array.<anonymous> (/usr/local/lib/node_modules/npm/node_modules/slide/lib/bind-actor.js:15:8)
26 verbose stack     at LOOP (/usr/local/lib/node_modules/npm/node_modules/slide/lib/chain.js:15:14)
26 verbose stack     at LOOP (/usr/local/lib/node_modules/npm/node_modules/slide/lib/chain.js:14:28)
26 verbose stack     at chain (/usr/local/lib/node_modules/npm/node_modules/slide/lib/chain.js:20:5)
26 verbose stack     at /usr/local/lib/node_modules/npm/lib/publish.js:73:5
26 verbose stack     at RES (/usr/local/lib/node_modules/npm/node_modules/inflight/inflight.js:23:14)
27 verbose cwd /Users/jz/dev/yasg
28 error Darwin 15.0.0
29 error argv "node" "/usr/local/bin/npm" "publish"
30 error node v0.12.7
31 error npm  v2.12.1
32 error code ENEEDAUTH
33 error need auth auth required for publishing
33 error need auth You need to authorize this machine using `npm adduser`
34 verbose exit [ 1, true ]
